app/build/intermediates/manifest_merge_blame_file/debug/manifest-merger-blame-debug-report.txt
1<?xml version="1.0" encoding="utf-8"?>
2<manifest xmlns:android="http://schemas.android.com/apk/res/android"
3    package="com.qasim.paging3example.debug"
4    android:versionCode="1"
5    android:versionName="1.0-DEV" >
6
7    <uses-sdk
8        android:minSdkVersion="21"
8-->src\main\AndroidManifest.xml
9        android:targetSdkVersion="30" />
9-->src\main\AndroidManifest.xml
10
11    <uses-permission android:name="android.permission.ACCESS_NETWORK_STATE" />
11-->src\main\AndroidManifest.xml:6:5-79
11-->src\main\AndroidManifest.xml:6:22-76
12    <uses-permission android:name="android.permission.INTERNET" />
12-->src\main\AndroidManifest.xml:7:5-67
12-->src\main\AndroidManifest.xml:7:22-64
13    <uses-permission android:name="android.permission.WRITE_EXTERNAL_STORAGE" />
14    <uses-permission android:name="android.permission.READ_PHONE_STATE" />
15    <uses-permission android:name="android.permission.READ_EXTERNAL_STORAGE" /> <!-- Permission will be merged into the manifest of the hosting app. -->
16    <!-- Is required to launch foreground extraction service for targetSdkVersion 28+. -->
17    <uses-permission android:name="android.permission.FOREGROUND_SERVICE" />
17-->[com.google.android.play:core:1.9.1] AndroidManifest.xml:8:3-74
17-->[com.google.android.play:core:1.9.1] AndroidManifest.xml:8:20-72
18
19    <application
19-->src\main\AndroidManifest.xml:9:5-27:19
20        android:name="com.qasim.paging3example.app.AppController"
20-->src\main\AndroidManifest.xml:10:9-42
21        android:allowBackup="false"
21-->src\main\AndroidManifest.xml:11:9-36
22        android:appComponentFactory="androidx.core.app.CoreComponentFactory"
22-->[androidx.core:core:1.3.2] AndroidManifest.xml:24:18-86
23        android:debuggable="true"
24        android:icon="@mipmap/ic_launcher"
24-->src\main\AndroidManifest.xml:12:9-43
25        android:label="@string/app_name"
25-->src\main\AndroidManifest.xml:13:9-41
26        android:roundIcon="@mipmap/ic_launcher_round"
26-->src\main\AndroidManifest.xml:14:9-54
27        android:supportsRtl="true"
27-->src\main\AndroidManifest.xml:15:9-35
28        android:testOnly="true"
29        android:theme="@style/Theme.Paging3Example"
29-->src\main\AndroidManifest.xml:16:9-52
30        android:usesCleartextTraffic="true" >
30-->src\main\AndroidManifest.xml:17:9-44
31        <activity android:name="com.qasim.paging3example.ui.DataActivity" />
31-->src\main\AndroidManifest.xml:19:9-62
31-->src\main\AndroidManifest.xml:19:19-50
32        <activity android:name="com.qasim.paging3example.ui.MainActivity" >
32-->src\main\AndroidManifest.xml:20:9-26:20
32-->src\main\AndroidManifest.xml:20:19-50
33            <intent-filter>
33-->src\main\AndroidManifest.xml:21:13-25:29
34                <action android:name="android.intent.action.MAIN" />
34-->src\main\AndroidManifest.xml:22:17-69
34-->src\main\AndroidManifest.xml:22:25-66
35
36                <category android:name="android.intent.category.LAUNCHER" />
36-->src\main\AndroidManifest.xml:24:17-77
36-->src\main\AndroidManifest.xml:24:27-74
37            </intent-filter>
38        </activity>
39
40        <service
40-->[androidx.room:room-runtime:2.3.0] AndroidManifest.xml:25:9-28:40
41            android:name="androidx.room.MultiInstanceInvalidationService"
41-->[androidx.room:room-runtime:2.3.0] AndroidManifest.xml:26:13-74
42            android:directBootAware="true"
42-->[androidx.room:room-runtime:2.3.0] AndroidManifest.xml:27:13-43
43            android:exported="false" />
43-->[androidx.room:room-runtime:2.3.0] AndroidManifest.xml:28:13-37
44
45        <provider
45-->[androidx.lifecycle:lifecycle-process:2.2.0] AndroidManifest.xml:25:9-29:43
46            android:name="androidx.lifecycle.ProcessLifecycleOwnerInitializer"
46-->[androidx.lifecycle:lifecycle-process:2.2.0] AndroidManifest.xml:26:13-79
47            android:authorities="com.qasim.paging3example.debug.lifecycle-process"
47-->[androidx.lifecycle:lifecycle-process:2.2.0] AndroidManifest.xml:27:13-69
48            android:exported="false"
48-->[androidx.lifecycle:lifecycle-process:2.2.0] AndroidManifest.xml:28:13-37
49            android:multiprocess="true" /> <!-- The activities will be merged into the manifest of the hosting app. -->
49-->[androidx.lifecycle:lifecycle-process:2.2.0] AndroidManifest.xml:29:13-40
50        <activity
50-->[com.google.android.play:core:1.9.1] AndroidManifest.xml:12:5-271
51            android:name="com.google.android.play.core.missingsplits.PlayCoreMissingSplitsActivity"
51-->[com.google.android.play:core:1.9.1] AndroidManifest.xml:12:15-102
52            android:enabled="false"
52-->[com.google.android.play:core:1.9.1] AndroidManifest.xml:12:103-126
53            android:exported="false"
53-->[com.google.android.play:core:1.9.1] AndroidManifest.xml:12:127-151
54            android:launchMode="singleInstance"
54-->[com.google.android.play:core:1.9.1] AndroidManifest.xml:12:204-239
55            android:process=":playcore_missing_splits_activity"
55-->[com.google.android.play:core:1.9.1] AndroidManifest.xml:12:152-203
56            android:stateNotNeeded="true" />
56-->[com.google.android.play:core:1.9.1] AndroidManifest.xml:12:240-269
57        <activity
57-->[com.google.android.play:core:1.9.1] AndroidManifest.xml:13:5-226
58            android:name="com.google.android.play.core.common.PlayCoreDialogWrapperActivity"
58-->[com.google.android.play:core:1.9.1] AndroidManifest.xml:13:15-95
59            android:enabled="false"
59-->[com.google.android.play:core:1.9.1] AndroidManifest.xml:13:96-119
60            android:exported="false"
60-->[com.google.android.play:core:1.9.1] AndroidManifest.xml:13:120-144
61            android:stateNotNeeded="true"
61-->[com.google.android.play:core:1.9.1] AndroidManifest.xml:13:145-174
62            android:theme="@style/Theme.PlayCore.Transparent" /> <!-- The services will be merged into the manifest of the hosting app. -->
62-->[com.google.android.play:core:1.9.1] AndroidManifest.xml:13:175-224
63        <service
63-->[com.google.android.play:core:1.9.1] AndroidManifest.xml:16:5-18:15
64            android:name="com.google.android.play.core.assetpacks.AssetPackExtractionService"
64-->[com.google.android.play:core:1.9.1] AndroidManifest.xml:16:14-95
65            android:enabled="false"
65-->[com.google.android.play:core:1.9.1] AndroidManifest.xml:16:96-119
66            android:exported="true" >
66-->[com.google.android.play:core:1.9.1] AndroidManifest.xml:16:120-143
67            <meta-data
67-->[com.google.android.play:core:1.9.1] AndroidManifest.xml:17:7-108
68                android:name="com.google.android.play.core.assetpacks.versionCode"
68-->[com.google.android.play:core:1.9.1] AndroidManifest.xml:17:18-84
69                android:value="10901" />
69-->[com.google.android.play:core:1.9.1] AndroidManifest.xml:17:85-106
70        </service>
71        <service
71-->[com.google.android.play:core:1.9.1] AndroidManifest.xml:19:5-147
72            android:name="com.google.android.play.core.assetpacks.ExtractionForegroundService"
72-->[com.google.android.play:core:1.9.1] AndroidManifest.xml:19:14-96
73            android:enabled="false"
73-->[com.google.android.play:core:1.9.1] AndroidManifest.xml:19:97-120
74            android:exported="false" />
74-->[com.google.android.play:core:1.9.1] AndroidManifest.xml:19:121-145
75    </application>
76
77</manifest>